app/build/intermediates/manifest_merge_blame_file/debug/manifest-merger-blame-debug-report.txt
1<?xml version="1.0" encoding="utf-8"?>
2<manifest xmlns:android="http://schemas.android.com/apk/res/android"
3    package="com.example.myapplication"
4    android:versionCode="2"
5    android:versionName="1.0" >
6
7    <uses-sdk
8        android:minSdkVersion="21"
8-->src/main/AndroidManifest.xml
9        android:targetSdkVersion="30" />
9-->src/main/AndroidManifest.xml
10
11    <uses-permission android:name="android.permission.WRITE_EXTERNAL_STORAGE" />
11-->src/main/AndroidManifest.xml:34:5-81
11-->src/main/AndroidManifest.xml:34:22-78
12    <uses-permission android:name="android.permission.READ_EXTERNAL_STORAGE" />
12-->src/main/AndroidManifest.xml:35:5-80
12-->src/main/AndroidManifest.xml:35:22-77
13    <uses-permission android:name="android.permission.INTERNET" />
13-->src/main/AndroidManifest.xml:36:5-67
13-->src/main/AndroidManifest.xml:36:22-64
14    <uses-permission android:name="android.permission.MANAGE_EXTERNAL_STORAGE" />
14-->src/main/AndroidManifest.xml:37:5-38:53
14-->src/main/AndroidManifest.xml:37:22-79
15
16    <application
16-->src/main/AndroidManifest.xml:5:5-32:19
17        android:allowBackup="true"
17-->src/main/AndroidManifest.xml:6:13-39
18        android:appComponentFactory="androidx.core.app.CoreComponentFactory"
18-->[androidx.core:core:1.3.1] AndroidManifest.xml:24:18-86
19        android:debuggable="true"
20        android:icon="@drawable/logo"
20-->src/main/AndroidManifest.xml:7:13-42
21        android:label="@string/app_name"
21-->src/main/AndroidManifest.xml:8:13-45
22        android:roundIcon="@mipmap/ic_launcher_round"
22-->src/main/AndroidManifest.xml:9:13-58
23        android:supportsRtl="true"
23-->src/main/AndroidManifest.xml:10:13-39
24        android:testOnly="true"
25        android:theme="@style/Theme.MyApplication" >
25-->src/main/AndroidManifest.xml:11:13-55
26
27        <!-- 设置ScanActivity为启动活动 -->
28        <activity
28-->src/main/AndroidManifest.xml:13:9-24:20
29            android:name="com.example.myapplication.ScanActivity"
29-->src/main/AndroidManifest.xml:14:17-45
30            android:exported="true"
30-->src/main/AndroidManifest.xml:15:17-40
31            android:launchMode="standard"
31-->src/main/AndroidManifest.xml:16:17-46
32            android:screenOrientation="landscape"
32-->src/main/AndroidManifest.xml:17:17-54
33            android:windowSoftInputMode="adjustPan" >
33-->src/main/AndroidManifest.xml:18:17-56
34            <intent-filter>
34-->src/main/AndroidManifest.xml:20:13-23:29
35                <action android:name="android.intent.action.MAIN" />
35-->src/main/AndroidManifest.xml:21:17-68
35-->src/main/AndroidManifest.xml:21:25-66
36
37                <category android:name="android.intent.category.LAUNCHER" />
37-->src/main/AndroidManifest.xml:22:17-76
37-->src/main/AndroidManifest.xml:22:27-74
38            </intent-filter>
39        </activity>
40
41        <receiver android:name="com.example.myapplication.BootReceiver" >
41-->src/main/AndroidManifest.xml:26:9-30:20
41-->src/main/AndroidManifest.xml:26:19-47
42            <intent-filter>
42-->src/main/AndroidManifest.xml:27:13-29:29
43                <action android:name="android.intent.action.BOOT_COMPLETED" />
43-->src/main/AndroidManifest.xml:28:17-78
43-->src/main/AndroidManifest.xml:28:25-76
44            </intent-filter>
45        </receiver>
46    </application>
47
48</manifest>